<?xml version="1.0" encoding="UTF-8"?>
<testsuite xmlns:xsi="http://www.w3.org/2001/XMLSchema-instance" xsi:noNamespaceSchemaLocation="https://maven.apache.org/surefire/maven-surefire-plugin/xsd/surefire-test-report.xsd" name="com.example.demo.SpringBootYmlExampleApplicationTests" time="1.055" tests="1" errors="1" skipped="0" failures="0">
  <properties>
[...]
</properties>
  <testcase name="initializationError" classname="com.example.demo.SpringBootYmlExampleApplicationTests" time="0.01">
    <error message="Found multiple @SpringBootConfiguration annotated classes [Generic bean: class [com.example.demo.SpringBootConfig]; scope=; abstract=false; lazyInit=false; autowireMode=0; dependencyCheck=0; autowireCandidate=true; primary=false; factoryBeanName=null; factoryMethodName=null; initMethodName=null; destroyMethodName=null; defined in file [I:\Coding\Spring\Spring-Boot\SpringBootYmlExample\target\classes\com\example\demo\SpringBootConfig.class], Generic bean: class [com.example.demo.SpringBootYmlExampleApplication]; scope=; abstract=false; lazyInit=false; autowireMode=0; dependencyCheck=0; autowireCandidate=true; primary=false; factoryBeanName=null; factoryMethodName=null; initMethodName=null; destroyMethodName=null; defined in file [I:\Coding\Spring\Spring-Boot\SpringBootYmlExample\target\classes\com\example\demo\SpringBootYmlExampleApplication.class]]" type="java.lang.IllegalStateException">java.lang.IllegalStateException: Found multiple @SpringBootConfiguration annotated classes [Generic bean: class [com.example.demo.SpringBootConfig]; scope=; abstract=false; lazyInit=false; autowireMode=0; dependencyCheck=0; autowireCandidate=true; primary=false; factoryBeanName=null; factoryMethodName=null; initMethodName=null; destroyMethodName=null; defined in file [I:\Coding\Spring\Spring-Boot\SpringBootYmlExample\target\classes\com\example\demo\SpringBootConfig.class], Generic bean: class [com.example.demo.SpringBootYmlExampleApplication]; scope=; abstract=false; lazyInit=false; autowireMode=0; dependencyCheck=0; autowireCandidate=true; primary=false; factoryBeanName=null; factoryMethodName=null; initMethodName=null; destroyMethodName=null; defined in file [I:\Coding\Spring\Spring-Boot\SpringBootYmlExample\target\classes\com\example\demo\SpringBootYmlExampleApplication.class]]
</error>
    <system-out><![CDATA[11:58:47.524 [main] DEBUG org.springframework.test.context.junit4.SpringJUnit4ClassRunner - SpringJUnit4ClassRunner constructor called with [class com.example.demo.SpringBootYmlExampleApplicationTests]
11:58:47.540 [main] DEBUG org.springframework.test.context.BootstrapUtils - Instantiating CacheAwareContextLoaderDelegate from class [org.springframework.test.context.cache.DefaultCacheAwareContextLoaderDelegate]
11:58:47.565 [main] DEBUG org.springframework.test.context.BootstrapUtils - Instantiating BootstrapContext using constructor [public org.springframework.test.context.support.DefaultBootstrapContext(java.lang.Class,org.springframework.test.context.CacheAwareContextLoaderDelegate)]
11:58:47.649 [main] DEBUG org.springframework.test.context.BootstrapUtils - Instantiating TestContextBootstrapper for test class [com.example.demo.SpringBootYmlExampleApplicationTests] from class [org.springframework.boot.test.context.SpringBootTestContextBootstrapper]
11:58:47.695 [main] INFO org.springframework.boot.test.context.SpringBootTestContextBootstrapper - Neither @ContextConfiguration nor @ContextHierarchy found for test class [com.example.demo.SpringBootYmlExampleApplicationTests], using SpringBootContextLoader
11:58:47.707 [main] DEBUG org.springframework.test.context.support.AbstractContextLoader - Did not detect default resource location for test class [com.example.demo.SpringBootYmlExampleApplicationTests]: class path resource [com/example/demo/SpringBootYmlExampleApplicationTests-context.xml] does not exist
11:58:47.708 [main] DEBUG org.springframework.test.context.support.AbstractContextLoader - Did not detect default resource location for test class [com.example.demo.SpringBootYmlExampleApplicationTests]: class path resource [com/example/demo/SpringBootYmlExampleApplicationTestsContext.groovy] does not exist
11:58:47.708 [main] INFO org.springframework.test.context.support.AbstractContextLoader - Could not detect default resource locations for test class [com.example.demo.SpringBootYmlExampleApplicationTests]: no resource found for suffixes {-context.xml, Context.groovy}.
11:58:47.710 [main] INFO org.springframework.test.context.support.AnnotationConfigContextLoaderUtils - Could not detect default configuration classes for test class [com.example.demo.SpringBootYmlExampleApplicationTests]: SpringBootYmlExampleApplicationTests does not declare any static, non-private, non-final, nested classes annotated with @Configuration.
11:58:47.888 [main] DEBUG org.springframework.test.context.support.ActiveProfilesUtils - Could not find an 'annotation declaring class' for annotation type [org.springframework.test.context.ActiveProfiles] and class [com.example.demo.SpringBootYmlExampleApplicationTests]
11:58:48.105 [main] DEBUG org.springframework.context.annotation.ClassPathScanningCandidateComponentProvider - Identified candidate component class: file [I:\Coding\Spring\Spring-Boot\SpringBootYmlExample\target\classes\com\example\demo\SpringBootConfig.class]
11:58:48.108 [main] DEBUG org.springframework.context.annotation.ClassPathScanningCandidateComponentProvider - Identified candidate component class: file [I:\Coding\Spring\Spring-Boot\SpringBootYmlExample\target\classes\com\example\demo\SpringBootYmlExampleApplication.class]
]]></system-out>
  </testcase>
</testsuite>